<?xml version="1.0" encoding="UTF-8"?>
<!-- Generated by org.testng.reporters.JUnitReportReporter -->
<testsuite hostname="DESKTOP-80R69PO" name="package2.homepagetest" tests="4" failures="0" timestamp="2 Apr 2019 07:12:19 GMT" time="56.577" errors="0">
  <testcase name="verifynewslettertab" time="11.889" classname="package2.homepagetest"/>
  <testcase name="verifyaddtocartforproduct" time="15.113" classname="package2.homepagetest"/>
  <testcase name="verifytab1" time="0.415" classname="package2.homepagetest"/>
  <testcase name="verifytab2" time="29.160" classname="package2.homepagetest"/>
</testsuite> <!-- package2.homepagetest -->
